<?xml version="1.0" encoding="UTF-8"?>
<!-- Generated by org.testng.reporters.JUnitXMLReporter -->
<testsuite hostname="hp-PC" ignored="0" name="Test One" tests="5" failures="0" timestamp="29 Mar 2018 06:06:21 GMT" time="118.748" errors="0">
  <testcase name="config" time="16.585" classname="S_Ofs.Run_ofs"/>
  <testcase name="cctabdelivery" time="7.356" classname="S_Ofs.Run_ofs"/>
  <testcase name="Omtab_Feassgin_to_package" time="63.787" classname="S_Ofs.Run_ofs"/>
  <testcase name="cctabpickup" time="11.741" classname="S_Ofs.Run_ofs"/>
  <testcase name="om_logistic_pickup" time="19.241" classname="S_Ofs.Run_ofs"/>
</testsuite> <!-- Test One -->
