<?xml version="1.0" encoding="UTF-8"?>
<!-- Generated by org.testng.reporters.JUnitXMLReporter -->
<testsuite hostname="hp-PC" ignored="2" name="Test three" tests="1" failures="0" timestamp="31 Mar 2018 14:02:36 GMT" time="0.007" errors="0">
  <testcase name="test2" time="0.003" classname="S_Ofs.Run_ofs"/>
  <testcase name="run_ofs" time="0.0" classname="S_Ofs.Run_ofs">
    <ignored/>
  </testcase> <!-- run_ofs -->
  <testcase name="test" time="0.0" classname="S_Ofs.Run_ofs">
    <ignored/>
  </testcase> <!-- test -->
</testsuite> <!-- Test three -->
