<?xml version="1.0" encoding="UTF-8"?>
<!-- Generated by org.testng.reporters.JUnitXMLReporter -->
<testsuite hostname="hp-PC" ignored="1" name="Test Two" tests="2" failures="0" timestamp="29 Mar 2018 10:28:01 GMT" time="0.04" errors="0">
  <testcase name="test" time="0.012" classname="S_Ofs.Run_ofs"/>
  <testcase name="test2" time="0.001" classname="S_Ofs.Run_ofs"/>
  <testcase name="run_ofs" time="0.0" classname="S_Ofs.Run_ofs">
    <ignored/>
  </testcase> <!-- run_ofs -->
</testsuite> <!-- Test Two -->
